

 ETABS Ultimate 64-bit 18.1.1 Build 2148 (Analysis Build 9780/64)               
 File: E:\DO AN TOT NGHIEP\NGUYENPHUHIEP\PHAN XAY DUNG\ETABS\NGUYENPHUHIEP.OUT  
                                                                     
                                                                       

 D I S P L A C E M E N T   D E G R E E S   O F   F R E E D O M

         (A) = Active DOF, equilibrium equation
         (-) = Restrained DOF, reaction computed
         (+) = Constrained DOF
         (>) = External substructure DOF
         ( ) = Null DOF

  JOINTS              UX  UY  UZ  RX  RY  RZ
   ~1629 TO   ~1585    A   A   A   A   A   A
   ~1584 TO   ~1583    -   -   -   A   A   A
   ~1582 TO   ~1579    A   A   A   A   A   A
   ~1578 TO   ~1577    -   -   -   A   A   A
   ~1576               A   A   A   A   A   A
     432 TO     421                         
     408 TO    1464    A   A   A   A   A   A
    1463                                    
    1462 TO    1460    A   A   A   A   A   A
     633 TO     539    -   -   -   A   A   A
   ~8131 TO   ~2337    A   A   A   A   A   A
   ~2336               -   -   -   A   A   A
   ~2335 TO   ~2334    A   A   A   A   A   A
   ~2333               -   -   -   A   A   A
   ~2332 TO     504    A   A   A   A   A   A
     499 TO     498                         
     497 TO     207    A   A   A   A   A   A
     206                                    
     205 TO     203    A   A   A   A   A   A
     191                                    
     190 TO     178    A   A   A   A   A   A
     177 TO     166    -   -   -   A   A   A
     165 TO    1860    A   A   A   A   A   A
    1859                                    
    1858               A   A   A   A   A   A
    1857 TO    1853                         
    1852 TO    1848    A   A   A   A   A   A
    1847 TO    1844                         
    1843 TO    1792    A   A   A   A   A   A
    1791 TO    1790                         
    1789 TO    1773    A   A   A   A   A   A
    1772                                    
    1771 TO    1770    A   A   A   A   A   A
    1769                                    
    1768 TO    1756    A   A   A   A   A   A
    1755 TO    1752                         
    1751 TO    1987    A   A   A   A   A   A
    1986                                    
    1985               A   A   A   A   A   A
    1984 TO    1980                         
    1979 TO    1975    A   A   A   A   A   A
    1974 TO    1971                         
    1970 TO    1919    A   A   A   A   A   A
    1918 TO    1917                         
    1916 TO    1900    A   A   A   A   A   A
    1899                                    
    1898 TO    1897    A   A   A   A   A   A
    1896                                    
    1895 TO    1883    A   A   A   A   A   A
    1882 TO    1879                         
    1878 TO    2114    A   A   A   A   A   A
    2113                                    
    2112               A   A   A   A   A   A
    2111 TO    2107                         
    2106 TO    2102    A   A   A   A   A   A
    2101 TO    2098                         
    2097 TO    2046    A   A   A   A   A   A
    2045 TO    2044                         
    2043 TO    2027    A   A   A   A   A   A
    2026                                    
    2025 TO    2024    A   A   A   A   A   A
    2023                                    
    2022 TO    2010    A   A   A   A   A   A
    2009 TO    2006                         
    2005 TO    2241    A   A   A   A   A   A
    2240                                    
    2239               A   A   A   A   A   A
    2238 TO    2234                         
    2233 TO    2229    A   A   A   A   A   A
    2228 TO    2225                         
    2224 TO    2173    A   A   A   A   A   A
    2172 TO    2171                         
    2170 TO    2154    A   A   A   A   A   A
    2153                                    
    2152 TO    2151    A   A   A   A   A   A
    2150                                    
    2149 TO    2137    A   A   A   A   A   A
    2136 TO    2133                         
    2132 TO    1745    A   A   A   A   A   A
    1744 TO    1740                         
    1739 TO    1735    A   A   A   A   A   A
    1734 TO    1732                         
    1731 TO    1680    A   A   A   A   A   A
    1679                                    
    1678 TO    1663    A   A   A   A   A   A
    1662                                    
    1661               A   A   A   A   A   A
    1660                                    
    1659 TO     977    A   A   A   A   A   A
     970                                    
     917 TO     913    A   A   A   A   A   A
     878 TO     869    -   -   -   A   A   A
     868 TO   ~5939    A   A   A   A   A   A
   ~5938               -   -   -   A   A   A
   ~5937 TO   ~5936    A   A   A   A   A   A
   ~5935               -   -   -   A   A   A
   ~5934 TO    1571    A   A   A   A   A   A
    1570 TO    1569                         
    1568 TO    1552    A   A   A   A   A   A
    1551                                    
    1550 TO    1549    A   A   A   A   A   A
    1548                                    
    1547 TO    1537    A   A   A   A   A   A
    1536 TO    1527    -   -   -   A   A   A
    1526 TO     274    A   A   A   A   A   A
   ~8079 TO   ~8078    +   +   +   +   +   +
   ~6857 TO   ~6621    A   A   A   A   A   A
   ~6620               -   -   -   A   A   A
   ~6619 TO   ~6618    A   A   A   A   A   A
   ~6617               -   -   -   A   A   A
   ~6616 TO   ~6437    A   A   A   A   A   A
   ~6436               +   +   +   +   +   +
   ~6435 TO   ~6394    A   A   A   A   A   A
   ~6393               +   +   +   +   +   +
   ~6392 TO   ~6006    A   A   A   A   A   A
   ~1549               +   +   +   +   +   +
   ~1548               A   A   A   A   A   A
   ~1547               +   +   +   +   +   +
   ~1546 TO     595    A   A   A   A   A   A
     585 TO     584                         
     550 TO     502    A   A   A   A   A   A
     501 TO     500    +   +   +   +   +   +
     485 TO     667    A   A   A   A   A   A
     664 TO     663                         
     661 TO     597    A   A   A   A   A   A
     594                                    
     593 TO     592    A   A   A   A   A   A
     591                                    
     590 TO     578    A   A   A   A   A   A
     577 TO     568    -   -   -   A   A   A
     567 TO   ~7405    A   A   A   A   A   A
   ~7404               -   -   -   A   A   A
   ~7403 TO   ~7402    A   A   A   A   A   A
   ~7401               -   -   -   A   A   A
   ~7400 TO      90    A   A   A   A   A   A
      89 TO      88                         
      87 TO      76    A   A   A   A   A   A
      75                                    
      74 TO      31    A   A   A   A   A   A
      30                                    
      29 TO      25    A   A   A   A   A   A
      24                                    
      23 TO      20    A   A   A   A   A   A
      19                                    
      18 TO      17    A   A   A   A   A   A
      16                                    
      15 TO       1    A   A   A   A   A   A
     407                                    
     402 TO     401    A   A   A   A   A   A
     396 TO     387    -   -   -   A   A   A
     386 TO     608    A   A   A   A   A   A
     607                                    
     360 TO     272    A   A   A   A   A   A
     264 TO     255    -   -   -   A   A   A
     250 TO     213    A   A   A   A   A   A
     289 TO     212    -   -   -   -   -   -
    NULL                                    

  CONSTRAINTS         U1  U2  U3  R1  R2  R3
 ~LineCo               A   A   A   A   A   A
 ~LineCo                                    
 ~LineCo               A   A   A   A   A   A
 ~LineCo                                    
